Attempting transfer...
Deposit 500
Attempting transfer...
Deposit 500
Simulating a delay in transfer...
Deposit 20
Uncommitted balance after deposit $600
Attempting transfer...
Deposit 500
Simulating a delay in transfer...
Uncommitted balance after deposit $620
Result of transfer is Pass
From account has $1500
To account has $620
Making large transfer...
Attempting transfer...
Deposit 5000
Simulating a delay in transfer...
Uncommitted balance after deposit $5620
Result of transfer is Fail
From account has $1500
To account has $620
